
ROM used:   251/8192 (3%)
            251/8192 (3%) including unused fragments

            0.3 Average locations per line
            12.6 Average locations per statement

RAM used:   6/368 (2%) at main() level
            9/368 (2%) worst case

Stack used: 2 worst case (2 in main + 0 for interrupts)
Stack size: 8

Lines Stmts  %   Files
----- ----- ---  -----
   41    20 100  Maestro.c
  768     0   0  ..\..\..\..\..\..\..\Program Files (x86)\PICC\Devices\16F887.h
----- -----
  809    20 Total

Page ROM  %  RAM   Vol Diff  Functions:
---- --- --- ---   --- ----  ----------
0     20   8    1             @delay_ms1
0     92  37    1             @I2C_WRITE_1
0     63  25    0   285  3.2  main
0     72  29    2   102  1.8  enviar_dato_i2c
 Inline         0             @cinit1

Program metrics:
    Functions               2
    Statements              20
    Comments                146
    Volume (V)              468
    Difficulty (D)          4.7
    Effort to implement (E) 2180
    Time to implement (T)   2 minutes
    Est Delivered Bugs (B)  0
    Cyclomatic Complexity   2
    Maintainability (MI)    136

 Segment     Used  Free
-----------  ----  ----
00000-00003     4  0  
00004-007FF   247  1797  
00800-00FFF     0  2048  
01000-017FF     0  2048  
01800-01FFF     0  2048  



