
ROM used:   164/8192 (2%)
            164/8192 (2%) including unused fragments

            0.2 Average locations per line
            7.1 Average locations per statement

RAM used:   14/368 (4%) at main() level
            14/368 (4%) worst case

Stack used: 1 worst case (0 in main + 1 for interrupts)
Stack size: 8

Lines Stmts  %   Files
----- ----- ---  -----
   49    23 100  Esclavo.c
  768     0   0  ..\..\..\..\..\..\..\Program Files (x86)\PICC\Devices\16F887.h
----- -----
  817    23 Total

Page ROM  %  RAM   Vol Diff  Functions:
---- --- --- ---   --- ----  ----------
0     16  10    0    38  1.9  interrupcion_i2c
0     99  60    0   442  3.8  MAIN
 Inline         0   102  1.8  @cinit1

Program metrics:
    Functions               3
    Statements              23
    Comments                149
    Volume (V)              722
    Difficulty (D)          7.9
    Effort to implement (E) 5690
    Time to implement (T)   5 minutes
    Est Delivered Bugs (B)  0
    Cyclomatic Complexity   3
    Maintainability (MI)    59

 Segment     Used  Free
-----------  ----  ----
00000-00003     4  0  
00004-00030    45  0  
00031-007FF   115  1884  
00800-00FFF     0  2048  
01000-017FF     0  2048  
01800-01FFF     0  2048  



